ARM GAS  /tmp/ccNindJa.s 			page 1


   1              		.syntax unified
   2              		.cpu cortex-m4
   3              		.eabi_attribute 27, 1
   4              		.eabi_attribute 28, 1
   5              		.fpu fpv4-sp-d16
   6              		.eabi_attribute 20, 1
   7              		.eabi_attribute 21, 1
   8              		.eabi_attribute 23, 3
   9              		.eabi_attribute 24, 1
  10              		.eabi_attribute 25, 1
  11              		.eabi_attribute 26, 1
  12              		.eabi_attribute 30, 6
  13              		.eabi_attribute 34, 1
  14              		.eabi_attribute 18, 4
  15              		.thumb
  16              		.syntax unified
  17              		.file	"stm32f4xx_hal_flash_ramfunc.c"
  18              		.text
  19              	.Ltext0:
  20              		.cfi_sections	.debug_frame
  21              		.section	.RamFunc,"ax",%progbits
  22              		.align	2
  23              		.global	HAL_FLASHEx_StopFlashInterfaceClk
  24              		.thumb
  25              		.thumb_func
  27              	HAL_FLASHEx_StopFlashInterfaceClk:
  28              	.LFB126:
  29              		.file 1 "Drivers/STM32F4xx_HAL_Driver/Src/stm32f4xx_hal_flash_ramfunc.c"
   1:Drivers/STM32F4xx_HAL_Driver/Src/stm32f4xx_hal_flash_ramfunc.c **** /**
   2:Drivers/STM32F4xx_HAL_Driver/Src/stm32f4xx_hal_flash_ramfunc.c ****   ******************************************************************************
   3:Drivers/STM32F4xx_HAL_Driver/Src/stm32f4xx_hal_flash_ramfunc.c ****   * @file    stm32f4xx_hal_flash_ramfunc.c
   4:Drivers/STM32F4xx_HAL_Driver/Src/stm32f4xx_hal_flash_ramfunc.c ****   * @author  MCD Application Team
   5:Drivers/STM32F4xx_HAL_Driver/Src/stm32f4xx_hal_flash_ramfunc.c ****   * @version V1.5.2
   6:Drivers/STM32F4xx_HAL_Driver/Src/stm32f4xx_hal_flash_ramfunc.c ****   * @date    22-September-2016
   7:Drivers/STM32F4xx_HAL_Driver/Src/stm32f4xx_hal_flash_ramfunc.c ****   * @brief   FLASH RAMFUNC module driver.
   8:Drivers/STM32F4xx_HAL_Driver/Src/stm32f4xx_hal_flash_ramfunc.c ****   *          This file provides a FLASH firmware functions which should be 
   9:Drivers/STM32F4xx_HAL_Driver/Src/stm32f4xx_hal_flash_ramfunc.c ****   *          executed from internal SRAM
  10:Drivers/STM32F4xx_HAL_Driver/Src/stm32f4xx_hal_flash_ramfunc.c ****   *            + Stop/Start the flash interface while System Run
  11:Drivers/STM32F4xx_HAL_Driver/Src/stm32f4xx_hal_flash_ramfunc.c ****   *            + Enable/Disable the flash sleep while System Run
  12:Drivers/STM32F4xx_HAL_Driver/Src/stm32f4xx_hal_flash_ramfunc.c ****   @verbatim
  13:Drivers/STM32F4xx_HAL_Driver/Src/stm32f4xx_hal_flash_ramfunc.c ****   ==============================================================================
  14:Drivers/STM32F4xx_HAL_Driver/Src/stm32f4xx_hal_flash_ramfunc.c ****                     ##### APIs executed from Internal RAM #####
  15:Drivers/STM32F4xx_HAL_Driver/Src/stm32f4xx_hal_flash_ramfunc.c ****   ==============================================================================
  16:Drivers/STM32F4xx_HAL_Driver/Src/stm32f4xx_hal_flash_ramfunc.c ****   [..]
  17:Drivers/STM32F4xx_HAL_Driver/Src/stm32f4xx_hal_flash_ramfunc.c ****     *** ARM Compiler ***
  18:Drivers/STM32F4xx_HAL_Driver/Src/stm32f4xx_hal_flash_ramfunc.c ****     --------------------
  19:Drivers/STM32F4xx_HAL_Driver/Src/stm32f4xx_hal_flash_ramfunc.c ****     [..] RAM functions are defined using the toolchain options. 
  20:Drivers/STM32F4xx_HAL_Driver/Src/stm32f4xx_hal_flash_ramfunc.c ****          Functions that are be executed in RAM should reside in a separate
  21:Drivers/STM32F4xx_HAL_Driver/Src/stm32f4xx_hal_flash_ramfunc.c ****          source module. Using the 'Options for File' dialog you can simply change
  22:Drivers/STM32F4xx_HAL_Driver/Src/stm32f4xx_hal_flash_ramfunc.c ****          the 'Code / Const' area of a module to a memory space in physical RAM.
  23:Drivers/STM32F4xx_HAL_Driver/Src/stm32f4xx_hal_flash_ramfunc.c ****          Available memory areas are declared in the 'Target' tab of the 
  24:Drivers/STM32F4xx_HAL_Driver/Src/stm32f4xx_hal_flash_ramfunc.c ****          Options for Target' dialog.
  25:Drivers/STM32F4xx_HAL_Driver/Src/stm32f4xx_hal_flash_ramfunc.c **** 
  26:Drivers/STM32F4xx_HAL_Driver/Src/stm32f4xx_hal_flash_ramfunc.c ****     *** ICCARM Compiler ***
  27:Drivers/STM32F4xx_HAL_Driver/Src/stm32f4xx_hal_flash_ramfunc.c ****     -----------------------
  28:Drivers/STM32F4xx_HAL_Driver/Src/stm32f4xx_hal_flash_ramfunc.c ****     [..] RAM functions are defined using a specific toolchain keyword "__ramfunc".
  29:Drivers/STM32F4xx_HAL_Driver/Src/stm32f4xx_hal_flash_ramfunc.c **** 
ARM GAS  /tmp/ccNindJa.s 			page 2


  30:Drivers/STM32F4xx_HAL_Driver/Src/stm32f4xx_hal_flash_ramfunc.c ****     *** GNU Compiler ***
  31:Drivers/STM32F4xx_HAL_Driver/Src/stm32f4xx_hal_flash_ramfunc.c ****     --------------------
  32:Drivers/STM32F4xx_HAL_Driver/Src/stm32f4xx_hal_flash_ramfunc.c ****     [..] RAM functions are defined using a specific toolchain attribute
  33:Drivers/STM32F4xx_HAL_Driver/Src/stm32f4xx_hal_flash_ramfunc.c ****          "__attribute__((section(".RamFunc")))".
  34:Drivers/STM32F4xx_HAL_Driver/Src/stm32f4xx_hal_flash_ramfunc.c ****   
  35:Drivers/STM32F4xx_HAL_Driver/Src/stm32f4xx_hal_flash_ramfunc.c ****   @endverbatim         
  36:Drivers/STM32F4xx_HAL_Driver/Src/stm32f4xx_hal_flash_ramfunc.c ****   ******************************************************************************
  37:Drivers/STM32F4xx_HAL_Driver/Src/stm32f4xx_hal_flash_ramfunc.c ****   * @attention
  38:Drivers/STM32F4xx_HAL_Driver/Src/stm32f4xx_hal_flash_ramfunc.c ****   *
  39:Drivers/STM32F4xx_HAL_Driver/Src/stm32f4xx_hal_flash_ramfunc.c ****   * <h2><center>&copy; COPYRIGHT(c) 2016 STMicroelectronics</center></h2>
  40:Drivers/STM32F4xx_HAL_Driver/Src/stm32f4xx_hal_flash_ramfunc.c ****   *
  41:Drivers/STM32F4xx_HAL_Driver/Src/stm32f4xx_hal_flash_ramfunc.c ****   * Redistribution and use in source and binary forms, with or without modification,
  42:Drivers/STM32F4xx_HAL_Driver/Src/stm32f4xx_hal_flash_ramfunc.c ****   * are permitted provided that the following conditions are met:
  43:Drivers/STM32F4xx_HAL_Driver/Src/stm32f4xx_hal_flash_ramfunc.c ****   *   1. Redistributions of source code must retain the above copyright notice,
  44:Drivers/STM32F4xx_HAL_Driver/Src/stm32f4xx_hal_flash_ramfunc.c ****   *      this list of conditions and the following disclaimer.
  45:Drivers/STM32F4xx_HAL_Driver/Src/stm32f4xx_hal_flash_ramfunc.c ****   *   2. Redistributions in binary form must reproduce the above copyright notice,
  46:Drivers/STM32F4xx_HAL_Driver/Src/stm32f4xx_hal_flash_ramfunc.c ****   *      this list of conditions and the following disclaimer in the documentation
  47:Drivers/STM32F4xx_HAL_Driver/Src/stm32f4xx_hal_flash_ramfunc.c ****   *      and/or other materials provided with the distribution.
  48:Drivers/STM32F4xx_HAL_Driver/Src/stm32f4xx_hal_flash_ramfunc.c ****   *   3. Neither the name of STMicroelectronics nor the names of its contributors
  49:Drivers/STM32F4xx_HAL_Driver/Src/stm32f4xx_hal_flash_ramfunc.c ****   *      may be used to endorse or promote products derived from this software
  50:Drivers/STM32F4xx_HAL_Driver/Src/stm32f4xx_hal_flash_ramfunc.c ****   *      without specific prior written permission.
  51:Drivers/STM32F4xx_HAL_Driver/Src/stm32f4xx_hal_flash_ramfunc.c ****   *
  52:Drivers/STM32F4xx_HAL_Driver/Src/stm32f4xx_hal_flash_ramfunc.c ****   * THIS SOFTWARE IS PROVIDED BY THE COPYRIGHT HOLDERS AND CONTRIBUTORS "AS IS"
  53:Drivers/STM32F4xx_HAL_Driver/Src/stm32f4xx_hal_flash_ramfunc.c ****   * AND ANY EXPRESS OR IMPLIED WARRANTIES, INCLUDING, BUT NOT LIMITED TO, THE
  54:Drivers/STM32F4xx_HAL_Driver/Src/stm32f4xx_hal_flash_ramfunc.c ****   * IMPLIED WARRANTIES OF MERCHANTABILITY AND FITNESS FOR A PARTICULAR PURPOSE ARE
  55:Drivers/STM32F4xx_HAL_Driver/Src/stm32f4xx_hal_flash_ramfunc.c ****   * DISCLAIMED. IN NO EVENT SHALL THE COPYRIGHT HOLDER OR CONTRIBUTORS BE LIABLE
  56:Drivers/STM32F4xx_HAL_Driver/Src/stm32f4xx_hal_flash_ramfunc.c ****   * FOR ANY DIRECT, INDIRECT, INCIDENTAL, SPECIAL, EXEMPLARY, OR CONSEQUENTIAL
  57:Drivers/STM32F4xx_HAL_Driver/Src/stm32f4xx_hal_flash_ramfunc.c ****   * DAMAGES (INCLUDING, BUT NOT LIMITED TO, PROCUREMENT OF SUBSTITUTE GOODS OR
  58:Drivers/STM32F4xx_HAL_Driver/Src/stm32f4xx_hal_flash_ramfunc.c ****   * SERVICES; LOSS OF USE, DATA, OR PROFITS; OR BUSINESS INTERRUPTION) HOWEVER
  59:Drivers/STM32F4xx_HAL_Driver/Src/stm32f4xx_hal_flash_ramfunc.c ****   * CAUSED AND ON ANY THEORY OF LIABILITY, WHETHER IN CONTRACT, STRICT LIABILITY,
  60:Drivers/STM32F4xx_HAL_Driver/Src/stm32f4xx_hal_flash_ramfunc.c ****   * OR TORT (INCLUDING NEGLIGENCE OR OTHERWISE) ARISING IN ANY WAY OUT OF THE USE
  61:Drivers/STM32F4xx_HAL_Driver/Src/stm32f4xx_hal_flash_ramfunc.c ****   * OF THIS SOFTWARE, EVEN IF ADVISED OF THE POSSIBILITY OF SUCH DAMAGE.
  62:Drivers/STM32F4xx_HAL_Driver/Src/stm32f4xx_hal_flash_ramfunc.c ****   *
  63:Drivers/STM32F4xx_HAL_Driver/Src/stm32f4xx_hal_flash_ramfunc.c ****   ******************************************************************************
  64:Drivers/STM32F4xx_HAL_Driver/Src/stm32f4xx_hal_flash_ramfunc.c ****   */ 
  65:Drivers/STM32F4xx_HAL_Driver/Src/stm32f4xx_hal_flash_ramfunc.c **** 
  66:Drivers/STM32F4xx_HAL_Driver/Src/stm32f4xx_hal_flash_ramfunc.c **** /* Includes ------------------------------------------------------------------*/
  67:Drivers/STM32F4xx_HAL_Driver/Src/stm32f4xx_hal_flash_ramfunc.c **** #include "stm32f4xx_hal.h"
  68:Drivers/STM32F4xx_HAL_Driver/Src/stm32f4xx_hal_flash_ramfunc.c **** 
  69:Drivers/STM32F4xx_HAL_Driver/Src/stm32f4xx_hal_flash_ramfunc.c **** /** @addtogroup STM32F4xx_HAL_Driver
  70:Drivers/STM32F4xx_HAL_Driver/Src/stm32f4xx_hal_flash_ramfunc.c ****   * @{
  71:Drivers/STM32F4xx_HAL_Driver/Src/stm32f4xx_hal_flash_ramfunc.c ****   */
  72:Drivers/STM32F4xx_HAL_Driver/Src/stm32f4xx_hal_flash_ramfunc.c **** 
  73:Drivers/STM32F4xx_HAL_Driver/Src/stm32f4xx_hal_flash_ramfunc.c **** /** @defgroup FLASH_RAMFUNC FLASH RAMFUNC
  74:Drivers/STM32F4xx_HAL_Driver/Src/stm32f4xx_hal_flash_ramfunc.c ****   * @brief FLASH functions executed from RAM
  75:Drivers/STM32F4xx_HAL_Driver/Src/stm32f4xx_hal_flash_ramfunc.c ****   * @{
  76:Drivers/STM32F4xx_HAL_Driver/Src/stm32f4xx_hal_flash_ramfunc.c ****   */
  77:Drivers/STM32F4xx_HAL_Driver/Src/stm32f4xx_hal_flash_ramfunc.c **** #ifdef HAL_FLASH_MODULE_ENABLED
  78:Drivers/STM32F4xx_HAL_Driver/Src/stm32f4xx_hal_flash_ramfunc.c **** #if defined(STM32F410Tx) || defined(STM32F410Cx) || defined(STM32F410Rx) || defined(STM32F411xE) ||
  79:Drivers/STM32F4xx_HAL_Driver/Src/stm32f4xx_hal_flash_ramfunc.c ****     defined(STM32F412Rx) || defined(STM32F412Cx)
  80:Drivers/STM32F4xx_HAL_Driver/Src/stm32f4xx_hal_flash_ramfunc.c **** 
  81:Drivers/STM32F4xx_HAL_Driver/Src/stm32f4xx_hal_flash_ramfunc.c **** /* Private typedef -----------------------------------------------------------*/
  82:Drivers/STM32F4xx_HAL_Driver/Src/stm32f4xx_hal_flash_ramfunc.c **** /* Private define ------------------------------------------------------------*/
  83:Drivers/STM32F4xx_HAL_Driver/Src/stm32f4xx_hal_flash_ramfunc.c **** /* Private macro -------------------------------------------------------------*/
  84:Drivers/STM32F4xx_HAL_Driver/Src/stm32f4xx_hal_flash_ramfunc.c **** /* Private variables ---------------------------------------------------------*/
  85:Drivers/STM32F4xx_HAL_Driver/Src/stm32f4xx_hal_flash_ramfunc.c **** /* Private function prototypes -----------------------------------------------*/
  86:Drivers/STM32F4xx_HAL_Driver/Src/stm32f4xx_hal_flash_ramfunc.c **** /* Exported functions --------------------------------------------------------*/
ARM GAS  /tmp/ccNindJa.s 			page 3


  87:Drivers/STM32F4xx_HAL_Driver/Src/stm32f4xx_hal_flash_ramfunc.c **** /** @defgroup FLASH_RAMFUNC_Exported_Functions FLASH RAMFUNC Exported Functions
  88:Drivers/STM32F4xx_HAL_Driver/Src/stm32f4xx_hal_flash_ramfunc.c ****   * @{
  89:Drivers/STM32F4xx_HAL_Driver/Src/stm32f4xx_hal_flash_ramfunc.c ****   */
  90:Drivers/STM32F4xx_HAL_Driver/Src/stm32f4xx_hal_flash_ramfunc.c **** 
  91:Drivers/STM32F4xx_HAL_Driver/Src/stm32f4xx_hal_flash_ramfunc.c **** /** @defgroup FLASH_RAMFUNC_Exported_Functions_Group1 Peripheral features functions executed from i
  92:Drivers/STM32F4xx_HAL_Driver/Src/stm32f4xx_hal_flash_ramfunc.c ****   *  @brief Peripheral Extended features functions 
  93:Drivers/STM32F4xx_HAL_Driver/Src/stm32f4xx_hal_flash_ramfunc.c ****   *
  94:Drivers/STM32F4xx_HAL_Driver/Src/stm32f4xx_hal_flash_ramfunc.c **** @verbatim   
  95:Drivers/STM32F4xx_HAL_Driver/Src/stm32f4xx_hal_flash_ramfunc.c **** 
  96:Drivers/STM32F4xx_HAL_Driver/Src/stm32f4xx_hal_flash_ramfunc.c ****  ===============================================================================
  97:Drivers/STM32F4xx_HAL_Driver/Src/stm32f4xx_hal_flash_ramfunc.c ****                       ##### ramfunc functions #####
  98:Drivers/STM32F4xx_HAL_Driver/Src/stm32f4xx_hal_flash_ramfunc.c ****  ===============================================================================  
  99:Drivers/STM32F4xx_HAL_Driver/Src/stm32f4xx_hal_flash_ramfunc.c ****     [..]
 100:Drivers/STM32F4xx_HAL_Driver/Src/stm32f4xx_hal_flash_ramfunc.c ****     This subsection provides a set of functions that should be executed from RAM 
 101:Drivers/STM32F4xx_HAL_Driver/Src/stm32f4xx_hal_flash_ramfunc.c ****     transfers.
 102:Drivers/STM32F4xx_HAL_Driver/Src/stm32f4xx_hal_flash_ramfunc.c ****     
 103:Drivers/STM32F4xx_HAL_Driver/Src/stm32f4xx_hal_flash_ramfunc.c **** @endverbatim
 104:Drivers/STM32F4xx_HAL_Driver/Src/stm32f4xx_hal_flash_ramfunc.c ****   * @{
 105:Drivers/STM32F4xx_HAL_Driver/Src/stm32f4xx_hal_flash_ramfunc.c ****   */
 106:Drivers/STM32F4xx_HAL_Driver/Src/stm32f4xx_hal_flash_ramfunc.c **** 
 107:Drivers/STM32F4xx_HAL_Driver/Src/stm32f4xx_hal_flash_ramfunc.c **** /**
 108:Drivers/STM32F4xx_HAL_Driver/Src/stm32f4xx_hal_flash_ramfunc.c ****   * @brief Stop the flash interface while System Run
 109:Drivers/STM32F4xx_HAL_Driver/Src/stm32f4xx_hal_flash_ramfunc.c ****   * @note  This mode is only available for STM32F41xxx/STM32F446xx devices. 
 110:Drivers/STM32F4xx_HAL_Driver/Src/stm32f4xx_hal_flash_ramfunc.c ****   * @note  This mode couldn't be set while executing with the flash itself. 
 111:Drivers/STM32F4xx_HAL_Driver/Src/stm32f4xx_hal_flash_ramfunc.c ****   *        It should be done with specific routine executed from RAM.     
 112:Drivers/STM32F4xx_HAL_Driver/Src/stm32f4xx_hal_flash_ramfunc.c ****   * @retval None
 113:Drivers/STM32F4xx_HAL_Driver/Src/stm32f4xx_hal_flash_ramfunc.c ****   */
 114:Drivers/STM32F4xx_HAL_Driver/Src/stm32f4xx_hal_flash_ramfunc.c **** __RAM_FUNC HAL_FLASHEx_StopFlashInterfaceClk(void)
 115:Drivers/STM32F4xx_HAL_Driver/Src/stm32f4xx_hal_flash_ramfunc.c **** {
  30              		.loc 1 115 0
  31              		.cfi_startproc
  32              		@ args = 0, pretend = 0, frame = 8
  33              		@ frame_needed = 1, uses_anonymous_args = 0
  34              		@ link register save eliminated.
  35 0000 80B4     		push	{r7}
  36              	.LCFI0:
  37              		.cfi_def_cfa_offset 4
  38              		.cfi_offset 7, -4
  39 0002 83B0     		sub	sp, sp, #12
  40              	.LCFI1:
  41              		.cfi_def_cfa_offset 16
  42 0004 00AF     		add	r7, sp, #0
  43              	.LCFI2:
  44              		.cfi_def_cfa_register 7
  45              	.LBB2:
 116:Drivers/STM32F4xx_HAL_Driver/Src/stm32f4xx_hal_flash_ramfunc.c ****   /* Enable Power ctrl clock */
 117:Drivers/STM32F4xx_HAL_Driver/Src/stm32f4xx_hal_flash_ramfunc.c ****   __HAL_RCC_PWR_CLK_ENABLE();
  46              		.loc 1 117 0
  47 0006 0023     		movs	r3, #0
  48 0008 7B60     		str	r3, [r7, #4]
  49 000a 0C4A     		ldr	r2, .L3
  50 000c 0B4B     		ldr	r3, .L3
  51 000e 1B6C     		ldr	r3, [r3, #64]
  52 0010 43F08053 		orr	r3, r3, #268435456
  53 0014 1364     		str	r3, [r2, #64]
  54 0016 094B     		ldr	r3, .L3
  55 0018 1B6C     		ldr	r3, [r3, #64]
ARM GAS  /tmp/ccNindJa.s 			page 4


  56 001a 03F08053 		and	r3, r3, #268435456
  57 001e 7B60     		str	r3, [r7, #4]
  58 0020 7B68     		ldr	r3, [r7, #4]
  59              	.LBE2:
 118:Drivers/STM32F4xx_HAL_Driver/Src/stm32f4xx_hal_flash_ramfunc.c ****   /* Stop the flash interface while System Run */  
 119:Drivers/STM32F4xx_HAL_Driver/Src/stm32f4xx_hal_flash_ramfunc.c ****   SET_BIT(PWR->CR, PWR_CR_FISSR);
  60              		.loc 1 119 0
  61 0022 074A     		ldr	r2, .L3+4
  62 0024 064B     		ldr	r3, .L3+4
  63 0026 1B68     		ldr	r3, [r3]
  64 0028 43F40013 		orr	r3, r3, #2097152
  65 002c 1360     		str	r3, [r2]
 120:Drivers/STM32F4xx_HAL_Driver/Src/stm32f4xx_hal_flash_ramfunc.c ****    
 121:Drivers/STM32F4xx_HAL_Driver/Src/stm32f4xx_hal_flash_ramfunc.c ****   return HAL_OK;
  66              		.loc 1 121 0
  67 002e 0023     		movs	r3, #0
 122:Drivers/STM32F4xx_HAL_Driver/Src/stm32f4xx_hal_flash_ramfunc.c **** }
  68              		.loc 1 122 0
  69 0030 1846     		mov	r0, r3
  70 0032 0C37     		adds	r7, r7, #12
  71              	.LCFI3:
  72              		.cfi_def_cfa_offset 4
  73 0034 BD46     		mov	sp, r7
  74              	.LCFI4:
  75              		.cfi_def_cfa_register 13
  76              		@ sp needed
  77 0036 5DF8047B 		ldr	r7, [sp], #4
  78              	.LCFI5:
  79              		.cfi_restore 7
  80              		.cfi_def_cfa_offset 0
  81 003a 7047     		bx	lr
  82              	.L4:
  83              		.align	2
  84              	.L3:
  85 003c 00380240 		.word	1073887232
  86 0040 00700040 		.word	1073770496
  87              		.cfi_endproc
  88              	.LFE126:
  90              		.align	2
  91              		.global	HAL_FLASHEx_StartFlashInterfaceClk
  92              		.thumb
  93              		.thumb_func
  95              	HAL_FLASHEx_StartFlashInterfaceClk:
  96              	.LFB127:
 123:Drivers/STM32F4xx_HAL_Driver/Src/stm32f4xx_hal_flash_ramfunc.c **** 
 124:Drivers/STM32F4xx_HAL_Driver/Src/stm32f4xx_hal_flash_ramfunc.c **** /**
 125:Drivers/STM32F4xx_HAL_Driver/Src/stm32f4xx_hal_flash_ramfunc.c ****   * @brief Start the flash interface while System Run
 126:Drivers/STM32F4xx_HAL_Driver/Src/stm32f4xx_hal_flash_ramfunc.c ****   * @note  This mode is only available for STM32F411xx/STM32F446xx devices. 
 127:Drivers/STM32F4xx_HAL_Driver/Src/stm32f4xx_hal_flash_ramfunc.c ****   * @note  This mode couldn't be set while executing with the flash itself. 
 128:Drivers/STM32F4xx_HAL_Driver/Src/stm32f4xx_hal_flash_ramfunc.c ****   *        It should be done with specific routine executed from RAM.     
 129:Drivers/STM32F4xx_HAL_Driver/Src/stm32f4xx_hal_flash_ramfunc.c ****   * @retval None
 130:Drivers/STM32F4xx_HAL_Driver/Src/stm32f4xx_hal_flash_ramfunc.c ****   */
 131:Drivers/STM32F4xx_HAL_Driver/Src/stm32f4xx_hal_flash_ramfunc.c **** __RAM_FUNC HAL_FLASHEx_StartFlashInterfaceClk(void)
 132:Drivers/STM32F4xx_HAL_Driver/Src/stm32f4xx_hal_flash_ramfunc.c **** {
  97              		.loc 1 132 0
  98              		.cfi_startproc
  99              		@ args = 0, pretend = 0, frame = 8
ARM GAS  /tmp/ccNindJa.s 			page 5


 100              		@ frame_needed = 1, uses_anonymous_args = 0
 101              		@ link register save eliminated.
 102 0044 80B4     		push	{r7}
 103              	.LCFI6:
 104              		.cfi_def_cfa_offset 4
 105              		.cfi_offset 7, -4
 106 0046 83B0     		sub	sp, sp, #12
 107              	.LCFI7:
 108              		.cfi_def_cfa_offset 16
 109 0048 00AF     		add	r7, sp, #0
 110              	.LCFI8:
 111              		.cfi_def_cfa_register 7
 112              	.LBB3:
 133:Drivers/STM32F4xx_HAL_Driver/Src/stm32f4xx_hal_flash_ramfunc.c ****   /* Enable Power ctrl clock */
 134:Drivers/STM32F4xx_HAL_Driver/Src/stm32f4xx_hal_flash_ramfunc.c ****   __HAL_RCC_PWR_CLK_ENABLE();
 113              		.loc 1 134 0
 114 004a 0023     		movs	r3, #0
 115 004c 7B60     		str	r3, [r7, #4]
 116 004e 0C4A     		ldr	r2, .L7
 117 0050 0B4B     		ldr	r3, .L7
 118 0052 1B6C     		ldr	r3, [r3, #64]
 119 0054 43F08053 		orr	r3, r3, #268435456
 120 0058 1364     		str	r3, [r2, #64]
 121 005a 094B     		ldr	r3, .L7
 122 005c 1B6C     		ldr	r3, [r3, #64]
 123 005e 03F08053 		and	r3, r3, #268435456
 124 0062 7B60     		str	r3, [r7, #4]
 125 0064 7B68     		ldr	r3, [r7, #4]
 126              	.LBE3:
 135:Drivers/STM32F4xx_HAL_Driver/Src/stm32f4xx_hal_flash_ramfunc.c ****   /* Start the flash interface while System Run */
 136:Drivers/STM32F4xx_HAL_Driver/Src/stm32f4xx_hal_flash_ramfunc.c ****   CLEAR_BIT(PWR->CR, PWR_CR_FISSR);
 127              		.loc 1 136 0
 128 0066 074A     		ldr	r2, .L7+4
 129 0068 064B     		ldr	r3, .L7+4
 130 006a 1B68     		ldr	r3, [r3]
 131 006c 23F40013 		bic	r3, r3, #2097152
 132 0070 1360     		str	r3, [r2]
 137:Drivers/STM32F4xx_HAL_Driver/Src/stm32f4xx_hal_flash_ramfunc.c **** 
 138:Drivers/STM32F4xx_HAL_Driver/Src/stm32f4xx_hal_flash_ramfunc.c ****   return HAL_OK;
 133              		.loc 1 138 0
 134 0072 0023     		movs	r3, #0
 139:Drivers/STM32F4xx_HAL_Driver/Src/stm32f4xx_hal_flash_ramfunc.c **** }
 135              		.loc 1 139 0
 136 0074 1846     		mov	r0, r3
 137 0076 0C37     		adds	r7, r7, #12
 138              	.LCFI9:
 139              		.cfi_def_cfa_offset 4
 140 0078 BD46     		mov	sp, r7
 141              	.LCFI10:
 142              		.cfi_def_cfa_register 13
 143              		@ sp needed
 144 007a 5DF8047B 		ldr	r7, [sp], #4
 145              	.LCFI11:
 146              		.cfi_restore 7
 147              		.cfi_def_cfa_offset 0
 148 007e 7047     		bx	lr
 149              	.L8:
ARM GAS  /tmp/ccNindJa.s 			page 6


 150              		.align	2
 151              	.L7:
 152 0080 00380240 		.word	1073887232
 153 0084 00700040 		.word	1073770496
 154              		.cfi_endproc
 155              	.LFE127:
 157              		.align	2
 158              		.global	HAL_FLASHEx_EnableFlashSleepMode
 159              		.thumb
 160              		.thumb_func
 162              	HAL_FLASHEx_EnableFlashSleepMode:
 163              	.LFB128:
 140:Drivers/STM32F4xx_HAL_Driver/Src/stm32f4xx_hal_flash_ramfunc.c **** 
 141:Drivers/STM32F4xx_HAL_Driver/Src/stm32f4xx_hal_flash_ramfunc.c **** /**
 142:Drivers/STM32F4xx_HAL_Driver/Src/stm32f4xx_hal_flash_ramfunc.c ****   * @brief Enable the flash sleep while System Run
 143:Drivers/STM32F4xx_HAL_Driver/Src/stm32f4xx_hal_flash_ramfunc.c ****   * @note  This mode is only available for STM32F41xxx/STM32F446xx devices. 
 144:Drivers/STM32F4xx_HAL_Driver/Src/stm32f4xx_hal_flash_ramfunc.c ****   * @note  This mode could n't be set while executing with the flash itself. 
 145:Drivers/STM32F4xx_HAL_Driver/Src/stm32f4xx_hal_flash_ramfunc.c ****   *        It should be done with specific routine executed from RAM.     
 146:Drivers/STM32F4xx_HAL_Driver/Src/stm32f4xx_hal_flash_ramfunc.c ****   * @retval None
 147:Drivers/STM32F4xx_HAL_Driver/Src/stm32f4xx_hal_flash_ramfunc.c ****   */
 148:Drivers/STM32F4xx_HAL_Driver/Src/stm32f4xx_hal_flash_ramfunc.c **** __RAM_FUNC HAL_FLASHEx_EnableFlashSleepMode(void)
 149:Drivers/STM32F4xx_HAL_Driver/Src/stm32f4xx_hal_flash_ramfunc.c **** {
 164              		.loc 1 149 0
 165              		.cfi_startproc
 166              		@ args = 0, pretend = 0, frame = 8
 167              		@ frame_needed = 1, uses_anonymous_args = 0
 168              		@ link register save eliminated.
 169 0088 80B4     		push	{r7}
 170              	.LCFI12:
 171              		.cfi_def_cfa_offset 4
 172              		.cfi_offset 7, -4
 173 008a 83B0     		sub	sp, sp, #12
 174              	.LCFI13:
 175              		.cfi_def_cfa_offset 16
 176 008c 00AF     		add	r7, sp, #0
 177              	.LCFI14:
 178              		.cfi_def_cfa_register 7
 179              	.LBB4:
 150:Drivers/STM32F4xx_HAL_Driver/Src/stm32f4xx_hal_flash_ramfunc.c ****   /* Enable Power ctrl clock */
 151:Drivers/STM32F4xx_HAL_Driver/Src/stm32f4xx_hal_flash_ramfunc.c ****   __HAL_RCC_PWR_CLK_ENABLE();
 180              		.loc 1 151 0
 181 008e 0023     		movs	r3, #0
 182 0090 7B60     		str	r3, [r7, #4]
 183 0092 0C4A     		ldr	r2, .L11
 184 0094 0B4B     		ldr	r3, .L11
 185 0096 1B6C     		ldr	r3, [r3, #64]
 186 0098 43F08053 		orr	r3, r3, #268435456
 187 009c 1364     		str	r3, [r2, #64]
 188 009e 094B     		ldr	r3, .L11
 189 00a0 1B6C     		ldr	r3, [r3, #64]
 190 00a2 03F08053 		and	r3, r3, #268435456
 191 00a6 7B60     		str	r3, [r7, #4]
 192 00a8 7B68     		ldr	r3, [r7, #4]
 193              	.LBE4:
 152:Drivers/STM32F4xx_HAL_Driver/Src/stm32f4xx_hal_flash_ramfunc.c ****   /* Enable the flash sleep while System Run */
 153:Drivers/STM32F4xx_HAL_Driver/Src/stm32f4xx_hal_flash_ramfunc.c ****   SET_BIT(PWR->CR, PWR_CR_FMSSR);
 194              		.loc 1 153 0
ARM GAS  /tmp/ccNindJa.s 			page 7


 195 00aa 074A     		ldr	r2, .L11+4
 196 00ac 064B     		ldr	r3, .L11+4
 197 00ae 1B68     		ldr	r3, [r3]
 198 00b0 43F48013 		orr	r3, r3, #1048576
 199 00b4 1360     		str	r3, [r2]
 154:Drivers/STM32F4xx_HAL_Driver/Src/stm32f4xx_hal_flash_ramfunc.c **** 
 155:Drivers/STM32F4xx_HAL_Driver/Src/stm32f4xx_hal_flash_ramfunc.c ****   return HAL_OK;
 200              		.loc 1 155 0
 201 00b6 0023     		movs	r3, #0
 156:Drivers/STM32F4xx_HAL_Driver/Src/stm32f4xx_hal_flash_ramfunc.c **** }
 202              		.loc 1 156 0
 203 00b8 1846     		mov	r0, r3
 204 00ba 0C37     		adds	r7, r7, #12
 205              	.LCFI15:
 206              		.cfi_def_cfa_offset 4
 207 00bc BD46     		mov	sp, r7
 208              	.LCFI16:
 209              		.cfi_def_cfa_register 13
 210              		@ sp needed
 211 00be 5DF8047B 		ldr	r7, [sp], #4
 212              	.LCFI17:
 213              		.cfi_restore 7
 214              		.cfi_def_cfa_offset 0
 215 00c2 7047     		bx	lr
 216              	.L12:
 217              		.align	2
 218              	.L11:
 219 00c4 00380240 		.word	1073887232
 220 00c8 00700040 		.word	1073770496
 221              		.cfi_endproc
 222              	.LFE128:
 224              		.align	2
 225              		.global	HAL_FLASHEx_DisableFlashSleepMode
 226              		.thumb
 227              		.thumb_func
 229              	HAL_FLASHEx_DisableFlashSleepMode:
 230              	.LFB129:
 157:Drivers/STM32F4xx_HAL_Driver/Src/stm32f4xx_hal_flash_ramfunc.c **** 
 158:Drivers/STM32F4xx_HAL_Driver/Src/stm32f4xx_hal_flash_ramfunc.c **** /**
 159:Drivers/STM32F4xx_HAL_Driver/Src/stm32f4xx_hal_flash_ramfunc.c ****   * @brief Disable the flash sleep while System Run
 160:Drivers/STM32F4xx_HAL_Driver/Src/stm32f4xx_hal_flash_ramfunc.c ****   * @note  This mode is only available for STM32F41xxx/STM32F446xx devices. 
 161:Drivers/STM32F4xx_HAL_Driver/Src/stm32f4xx_hal_flash_ramfunc.c ****   * @note  This mode couldn't be set while executing with the flash itself. 
 162:Drivers/STM32F4xx_HAL_Driver/Src/stm32f4xx_hal_flash_ramfunc.c ****   *        It should be done with specific routine executed from RAM.     
 163:Drivers/STM32F4xx_HAL_Driver/Src/stm32f4xx_hal_flash_ramfunc.c ****   * @retval None
 164:Drivers/STM32F4xx_HAL_Driver/Src/stm32f4xx_hal_flash_ramfunc.c ****   */
 165:Drivers/STM32F4xx_HAL_Driver/Src/stm32f4xx_hal_flash_ramfunc.c **** __RAM_FUNC HAL_FLASHEx_DisableFlashSleepMode(void)
 166:Drivers/STM32F4xx_HAL_Driver/Src/stm32f4xx_hal_flash_ramfunc.c **** {
 231              		.loc 1 166 0
 232              		.cfi_startproc
 233              		@ args = 0, pretend = 0, frame = 8
 234              		@ frame_needed = 1, uses_anonymous_args = 0
 235              		@ link register save eliminated.
 236 00cc 80B4     		push	{r7}
 237              	.LCFI18:
 238              		.cfi_def_cfa_offset 4
 239              		.cfi_offset 7, -4
 240 00ce 83B0     		sub	sp, sp, #12
ARM GAS  /tmp/ccNindJa.s 			page 8


 241              	.LCFI19:
 242              		.cfi_def_cfa_offset 16
 243 00d0 00AF     		add	r7, sp, #0
 244              	.LCFI20:
 245              		.cfi_def_cfa_register 7
 246              	.LBB5:
 167:Drivers/STM32F4xx_HAL_Driver/Src/stm32f4xx_hal_flash_ramfunc.c ****   /* Enable Power ctrl clock */
 168:Drivers/STM32F4xx_HAL_Driver/Src/stm32f4xx_hal_flash_ramfunc.c ****   __HAL_RCC_PWR_CLK_ENABLE();
 247              		.loc 1 168 0
 248 00d2 0023     		movs	r3, #0
 249 00d4 7B60     		str	r3, [r7, #4]
 250 00d6 0C4A     		ldr	r2, .L15
 251 00d8 0B4B     		ldr	r3, .L15
 252 00da 1B6C     		ldr	r3, [r3, #64]
 253 00dc 43F08053 		orr	r3, r3, #268435456
 254 00e0 1364     		str	r3, [r2, #64]
 255 00e2 094B     		ldr	r3, .L15
 256 00e4 1B6C     		ldr	r3, [r3, #64]
 257 00e6 03F08053 		and	r3, r3, #268435456
 258 00ea 7B60     		str	r3, [r7, #4]
 259 00ec 7B68     		ldr	r3, [r7, #4]
 260              	.LBE5:
 169:Drivers/STM32F4xx_HAL_Driver/Src/stm32f4xx_hal_flash_ramfunc.c ****   /* Disable the flash sleep while System Run */
 170:Drivers/STM32F4xx_HAL_Driver/Src/stm32f4xx_hal_flash_ramfunc.c ****   CLEAR_BIT(PWR->CR, PWR_CR_FMSSR);
 261              		.loc 1 170 0
 262 00ee 074A     		ldr	r2, .L15+4
 263 00f0 064B     		ldr	r3, .L15+4
 264 00f2 1B68     		ldr	r3, [r3]
 265 00f4 23F48013 		bic	r3, r3, #1048576
 266 00f8 1360     		str	r3, [r2]
 171:Drivers/STM32F4xx_HAL_Driver/Src/stm32f4xx_hal_flash_ramfunc.c ****   
 172:Drivers/STM32F4xx_HAL_Driver/Src/stm32f4xx_hal_flash_ramfunc.c ****   return HAL_OK;
 267              		.loc 1 172 0
 268 00fa 0023     		movs	r3, #0
 173:Drivers/STM32F4xx_HAL_Driver/Src/stm32f4xx_hal_flash_ramfunc.c **** }
 269              		.loc 1 173 0
 270 00fc 1846     		mov	r0, r3
 271 00fe 0C37     		adds	r7, r7, #12
 272              	.LCFI21:
 273              		.cfi_def_cfa_offset 4
 274 0100 BD46     		mov	sp, r7
 275              	.LCFI22:
 276              		.cfi_def_cfa_register 13
 277              		@ sp needed
 278 0102 5DF8047B 		ldr	r7, [sp], #4
 279              	.LCFI23:
 280              		.cfi_restore 7
 281              		.cfi_def_cfa_offset 0
 282 0106 7047     		bx	lr
 283              	.L16:
 284              		.align	2
 285              	.L15:
 286 0108 00380240 		.word	1073887232
 287 010c 00700040 		.word	1073770496
 288              		.cfi_endproc
 289              	.LFE129:
 291              		.text
ARM GAS  /tmp/ccNindJa.s 			page 9


 292              	.Letext0:
 293              		.file 2 "/usr/local/gcc-arm-none-eabi-5_4-2016q2/arm-none-eabi/include/machine/_default_types.h"
 294              		.file 3 "/usr/local/gcc-arm-none-eabi-5_4-2016q2/arm-none-eabi/include/sys/_stdint.h"
 295              		.file 4 "Drivers/CMSIS/Device/ST/STM32F4xx/Include/stm32f446xx.h"
 296              		.file 5 "Drivers/STM32F4xx_HAL_Driver/Inc/stm32f4xx_hal_def.h"
 297              		.file 6 "Drivers/CMSIS/Include/core_cm4.h"
ARM GAS  /tmp/ccNindJa.s 			page 10


DEFINED SYMBOLS
                            *ABS*:00000000 stm32f4xx_hal_flash_ramfunc.c
     /tmp/ccNindJa.s:22     .RamFunc:00000000 $t
     /tmp/ccNindJa.s:27     .RamFunc:00000000 HAL_FLASHEx_StopFlashInterfaceClk
     /tmp/ccNindJa.s:85     .RamFunc:0000003c $d
     /tmp/ccNindJa.s:90     .RamFunc:00000044 $t
     /tmp/ccNindJa.s:95     .RamFunc:00000044 HAL_FLASHEx_StartFlashInterfaceClk
     /tmp/ccNindJa.s:152    .RamFunc:00000080 $d
     /tmp/ccNindJa.s:157    .RamFunc:00000088 $t
     /tmp/ccNindJa.s:162    .RamFunc:00000088 HAL_FLASHEx_EnableFlashSleepMode
     /tmp/ccNindJa.s:219    .RamFunc:000000c4 $d
     /tmp/ccNindJa.s:224    .RamFunc:000000cc $t
     /tmp/ccNindJa.s:229    .RamFunc:000000cc HAL_FLASHEx_DisableFlashSleepMode
     /tmp/ccNindJa.s:286    .RamFunc:00000108 $d
                     .debug_frame:00000010 $d

NO UNDEFINED SYMBOLS
